SF:/Users/fmachado/Repos/PII_Person/v5/src/Library/Person.cs
FN:30,System.String Ucu.Poo.Persons.Person::get_Name()
FNDA:10,System.String Ucu.Poo.Persons.Person::get_Name()
DA:31,10
FN:36,System.String Ucu.Poo.Persons.Person::get_FamilyName()
FNDA:8,System.String Ucu.Poo.Persons.Person::get_FamilyName()
DA:37,8
FN:44,System.String Ucu.Poo.Persons.Person::get_FullName()
FNDA:1,System.String Ucu.Poo.Persons.Person::get_FullName()
DA:45,1
DA:46,1
DA:47,1
FN:54,System.Void Ucu.Poo.Persons.Person::IntroduceTo(Ucu.Poo.Persons.Person)
FNDA:1,System.Void Ucu.Poo.Persons.Person::IntroduceTo(Ucu.Poo.Persons.Person)
DA:55,1
DA:56,1
DA:57,1
DA:58,1
DA:59,1
DA:60,1
BRDA:56,7,0,1
BRDA:56,7,1,1
FN:20,System.Void Ucu.Poo.Persons.Person::.ctor(System.String,System.String)
FNDA:4,System.Void Ucu.Poo.Persons.Person::.ctor(System.String,System.String)
DA:21,4
DA:22,4
DA:23,4
DA:24,4
DA:25,4
LF:16
LH:16
BRF:2
BRH:2
FNF:5
FNH:5
end_of_record